<?xml version="1.0" encoding="UTF-8"?>
<!-- Generated by org.testng.reporters.JUnitXMLReporter -->
<testsuite hostname="DESKTOP-5P47P0G" ignored="12" name="Default test" tests="2" failures="0" timestamp="23 Jun 2020 11:19:42 GMT" time="108.542" errors="0">
  <testcase name="registration" time="43.1" classname="com.bridgelabz.bookstore.testcase.User"/>
  <testcase name="registration" time="45.126" classname="com.bridgelabz.bookstore.testcase.User"/>
  <testcase name="PeginationTestForBooks" time="0.0" classname="com.bridgelabz.bookstore.testcase.User">
    <ignored/>
  </testcase> <!-- PeginationTestForBooks -->
  <testcase name="rateAndReviewForBook" time="0.0" classname="com.bridgelabz.bookstore.testcase.User">
    <ignored/>
  </testcase> <!-- rateAndReviewForBook -->
  <testcase name="checkRateAndReviewForBook" time="0.0" classname="com.bridgelabz.bookstore.testcase.User">
    <ignored/>
  </testcase> <!-- checkRateAndReviewForBook -->
  <testcase name="placeOrderOfBook" time="0.0" classname="com.bridgelabz.bookstore.testcase.User">
    <ignored/>
  </testcase> <!-- placeOrderOfBook -->
  <testcase name="addAndRemoveBookToCart" time="0.0" classname="com.bridgelabz.bookstore.testcase.User">
    <ignored/>
  </testcase> <!-- addAndRemoveBookToCart -->
  <testcase name="readFromExcel" time="0.0" classname="com.bridgelabz.bookstore.testcase.User">
    <ignored/>
  </testcase> <!-- readFromExcel -->
  <testcase name="sortBooks" time="0.0" classname="com.bridgelabz.bookstore.testcase.User">
    <ignored/>
  </testcase> <!-- sortBooks -->
  <testcase name="SearchBookByBookName" time="0.0" classname="com.bridgelabz.bookstore.testcase.User">
    <ignored/>
  </testcase> <!-- SearchBookByBookName -->
  <testcase name="forgotPassword" time="0.0" classname="com.bridgelabz.bookstore.testcase.User">
    <ignored/>
  </testcase> <!-- forgotPassword -->
  <testcase name="SearchBookByBookAuthor" time="0.0" classname="com.bridgelabz.bookstore.testcase.User">
    <ignored/>
  </testcase> <!-- SearchBookByBookAuthor -->
  <testcase name="login" time="0.0" classname="com.bridgelabz.bookstore.testcase.User">
    <ignored/>
  </testcase> <!-- login -->
  <testcase name="addBookToWishList" time="0.0" classname="com.bridgelabz.bookstore.testcase.User">
    <ignored/>
  </testcase> <!-- addBookToWishList -->
</testsuite> <!-- Default test -->
