<?xml version="1.0" encoding="UTF-8"?>
<!-- Generated by org.testng.reporters.JUnitXMLReporter -->
<testsuite hostname="DESKTOP-5P47P0G" ignored="3" name="Default test" tests="1" failures="0" timestamp="19 Jun 2020 19:26:13 GMT" time="92.237" errors="0">
  <testcase name="addBookToCart" time="68.385" classname="com.bridgelabz.bookstore.testcase.User"/>
  <testcase name="readFromExcel" time="0.0" classname="com.bridgelabz.bookstore.testcase.User">
    <ignored/>
  </testcase> <!-- readFromExcel -->
  <testcase name="sortBooks" time="0.0" classname="com.bridgelabz.bookstore.testcase.User">
    <ignored/>
  </testcase> <!-- sortBooks -->
  <testcase name="login" time="0.0" classname="com.bridgelabz.bookstore.testcase.User">
    <ignored/>
  </testcase> <!-- login -->
</testsuite> <!-- Default test -->
